U:\ASSEMBLY_CS311_VS2005\BINCHAR_WITH POINTER\DEBUG\BINCHAR.OBJ
U:\ASSEMBLY_CS311_VS2005\BINCHAR_WITH POINTER\DEBUG\VC100.PDB
U:\ASSEMBLY_CS311_VS\BINCHAR_WITH POINTER\DEBUG\BINCHAR.OBJ
U:\ASSEMBLY_CS311_VS\BINCHAR_WITH POINTER\DEBUG\VC100.PDB
Z:\ASSEMBLY_CS311_VS\BINCHAR_WITH POINTER\DEBUG\VC110.PDB
T:\ASSEMBLY_CS311_VS\BINCHAR_WITH POINTER\DEBUG\BINCHAR.OBJ
T:\ASSEMBLY_CS311_VS\BINCHAR_WITH POINTER\DEBUG\VC100.PDB
U:\ASSEMBLY_CS311_VS2005\BINCHAR_WITH POINTER\DEBUG\BINCHAR.ILK
U:\ASSEMBLY_CS311_VS2005\BINCHAR_WITH POINTER\DEBUG\BINCHAR.EXE
U:\ASSEMBLY_CS311_VS2005\BINCHAR_WITH POINTER\DEBUG\BINCHAR.EXE.INTERMEDIATE.MANIFEST
U:\ASSEMBLY_CS311_VS2005\BINCHAR_WITH POINTER\DEBUG\BINCHAR.PDB
U:\ASSEMBLY_CS311_VS\BINCHAR_WITH POINTER\DEBUG\BINCHAR.ILK
U:\ASSEMBLY_CS311_VS\BINCHAR_WITH POINTER\DEBUG\BINCHAR.EXE
U:\ASSEMBLY_CS311_VS\BINCHAR_WITH POINTER\DEBUG\BINCHAR.EXE.INTERMEDIATE.MANIFEST
U:\ASSEMBLY_CS311_VS\BINCHAR_WITH POINTER\DEBUG\BINCHAR.PDB
Z:\ASSEMBLY_CS311_VS\BINCHAR_WITH POINTER\DEBUG\BINCHAR.PDB
T:\ASSEMBLY_CS311_VS\BINCHAR_WITH POINTER\DEBUG\BINCHAR.ILK
T:\ASSEMBLY_CS311_VS\BINCHAR_WITH POINTER\DEBUG\BINCHAR.EXE
T:\ASSEMBLY_CS311_VS\BINCHAR_WITH POINTER\DEBUG\BINCHAR.EXE.INTERMEDIATE.MANIFEST
T:\ASSEMBLY_CS311_VS\BINCHAR_WITH POINTER\DEBUG\BINCHAR.PDB
U:\ASSEMBLY_CS311_VS2005\BINCHAR_WITH POINTER\DEBUG\BINCHAR.EXE.EMBED.MANIFEST
U:\ASSEMBLY_CS311_VS\BINCHAR_WITH POINTER\DEBUG\BINCHAR.EXE.EMBED.MANIFEST
T:\ASSEMBLY_CS311_VS\BINCHAR_WITH POINTER\DEBUG\BINCHAR.EXE.EMBED.MANIFEST
U:\ASSEMBLY_CS311_VS2005\BINCHAR_WITH POINTER\DEBUG\BINCHAR.EXE.EMBED.MANIFEST.RES
U:\ASSEMBLY_CS311_VS\BINCHAR_WITH POINTER\DEBUG\BINCHAR.EXE.EMBED.MANIFEST.RES
T:\ASSEMBLY_CS311_VS\BINCHAR_WITH POINTER\DEBUG\BINCHAR.EXE.EMBED.MANIFEST.RES
C:\Users\cs311001_19\Desktop\Assembly_cs311_VS\binchar_with pointer\Debug\binchar.vcxprojResolveAssemblyReference.cache
C:\Users\cs311001_19\Desktop\Assembly_cs311_VS\binchar_with pointer\Debug\binchar.obj
C:\Users\cs311001_19\Desktop\Assembly_cs311_VS\binchar_with pointer\Debug\binchar.ilk
C:\Users\cs311001_19\Desktop\Assembly_cs311_VS\binchar_with pointer\Debug\binchar.write.1.tlog
C:\Users\cs311001_19\Desktop\Assembly_cs311_VS\binchar_with pointer\Debug\cl.command.1.tlog
C:\Users\cs311001_19\Desktop\Assembly_cs311_VS\binchar_with pointer\Debug\CL.read.1.tlog
C:\Users\cs311001_19\Desktop\Assembly_cs311_VS\binchar_with pointer\Debug\CL.read.2.tlog
C:\Users\cs311001_19\Desktop\Assembly_cs311_VS\binchar_with pointer\Debug\CL.write.1.tlog
C:\Users\cs311001_19\Desktop\Assembly_cs311_VS\binchar_with pointer\Debug\CL.write.2.tlog
C:\Users\cs311001_19\Desktop\Assembly_cs311_VS\binchar_with pointer\Debug\link-cvtres.read.1.tlog
C:\Users\cs311001_19\Desktop\Assembly_cs311_VS\binchar_with pointer\Debug\link-cvtres.read.2.tlog
C:\Users\cs311001_19\Desktop\Assembly_cs311_VS\binchar_with pointer\Debug\link-cvtres.write.1.tlog
C:\Users\cs311001_19\Desktop\Assembly_cs311_VS\binchar_with pointer\Debug\link-cvtres.write.2.tlog
C:\Users\cs311001_19\Desktop\Assembly_cs311_VS\binchar_with pointer\Debug\link-rc.read.1.tlog
C:\Users\cs311001_19\Desktop\Assembly_cs311_VS\binchar_with pointer\Debug\link-rc.write.1.tlog
C:\Users\cs311001_19\Desktop\Assembly_cs311_VS\binchar_with pointer\Debug\link.command.1.tlog
C:\Users\cs311001_19\Desktop\Assembly_cs311_VS\binchar_with pointer\Debug\link.read.1.tlog
C:\Users\cs311001_19\Desktop\Assembly_cs311_VS\binchar_with pointer\Debug\link.write.1.tlog
C:\Users\cs311001_19\Desktop\Assembly_cs311_VS\binchar_with pointer\Debug\mt.command.1.tlog
C:\Users\cs311001_19\Desktop\Assembly_cs311_VS\binchar_with pointer\Debug\mt.read.1.tlog
C:\Users\cs311001_19\Desktop\Assembly_cs311_VS\binchar_with pointer\Debug\mt.write.1.tlog
C:\Users\cs311001_19\Desktop\Assembly_cs311_VS\binchar_with pointer\Debug\rc.command.1.tlog
C:\Users\cs311001_19\Desktop\Assembly_cs311_VS\binchar_with pointer\Debug\rc.read.1.tlog
C:\Users\cs311001_19\Desktop\Assembly_cs311_VS\binchar_with pointer\Debug\rc.write.1.tlog
C:\Users\cs311001_19\Desktop\Assembly_cs311_VS\binchar_with pointer\Debug\binchar.exe.embed.manifest
C:\Users\cs311001_19\Desktop\Assembly_cs311_VS\binchar_with pointer\Debug\binchar.exe.intermediate.manifest
C:\Users\cs311001_19\Desktop\Assembly_cs311_VS\binchar_with pointer\Debug\binchar.exe.embed.manifest.res
C:\Users\cs311001_19\Desktop\Assembly_cs311_VS\binchar_with pointer\Debug\vc100.idb
C:\Users\cs311001_19\Desktop\Assembly_cs311_VS\binchar_with pointer\Debug\vc110.idb
C:\Users\cs311001_19\Desktop\Assembly_cs311_VS\binchar_with pointer\Debug\vc50.idb
C:\Users\cs311001_19\Desktop\Assembly_cs311_VS\binchar_with pointer\Debug\vc80.idb
C:\Users\cs311001_19\Desktop\Assembly_cs311_VS\binchar_with pointer\Debug\binchar.pdb
C:\Users\cs311001_19\Desktop\Assembly_cs311_VS\binchar_with pointer\Debug\vc100.pdb
C:\Users\cs311001_19\Desktop\Assembly_cs311_VS\binchar_with pointer\Debug\vc110.pdb
C:\Users\cs311001_19\Desktop\Assembly_cs311_VS\binchar_with pointer\Debug\vc50.pdb
C:\Users\cs311001_19\Desktop\Assembly_cs311_VS\binchar_with pointer\Debug\vc80.pdb
C:\Users\cs311001_19\Desktop\Assembly_cs311_VS\binchar_with pointer\Debug\binchar_manifest.rc
C:\Users\cs311001_19\Desktop\Assembly_cs311_VS\binchar_with pointer\.\Debug\binchar.exe
C:\Users\cs311001_19\Desktop\Assembly_cs311_VS\binchar_with pointer\.\Debug\binchar.exe.intermediate.manifest
